
3월 27, 2023 12:44:10.33 NEW SESSION
3월 27, 2023 12:44:10.33 INFO: Created TensorFlow Lite XNNPACK delegate for CPU.

4월 06, 2023 01:24:06.796 NEW SESSION
4월 06, 2023 01:24:06.796 INFO: Created TensorFlow Lite XNNPACK delegate for CPU.
4월 06, 2023 02:07:39.347 [22232:8380:0406/020739.346:ERROR:connection_factory_impl.cc(473)] ConnectionHandler failed with net error: -2
4월 06, 2023 02:45:53.40 INFO: Created TensorFlow Lite XNNPACK delegate for CPU.
4월 06, 2023 04:37:28.547 [18092:16900:0406/043728.546:ERROR:connection_factory_impl.cc(473)] ConnectionHandler failed with net error: -2
4월 06, 2023 04:40:32.434 [18092:16900:0406/044032.432:ERROR:connection_factory_impl.cc(473)] ConnectionHandler failed with net error: -2
4월 06, 2023 09:36:39.322 [18092:16900:0406/093639.322:ERROR:connection_factory_impl.cc(428)] Failed to connect to MCS endpoint with error -109
4월 06, 2023 09:36:39.355 [18092:26536:0406/093639.355:ERROR:get_updates_processor.cc(264)] PostClientToServerMessage() failed during GetUpdates with error 2
4월 06, 2023 09:36:43.397 [18092:16900:0406/093643.397:ERROR:connection_factory_impl.cc(428)] Failed to connect to MCS endpoint with error -105
4월 06, 2023 09:36:43.397 [18092:7564:0406/093643.397:ERROR:get_updates_processor.cc(264)] PostClientToServerMessage() failed during GetUpdates with error 2
4월 06, 2023 09:36:51.25 [18092:16900:0406/093651.025:ERROR:connection_factory_impl.cc(428)] Failed to connect to MCS endpoint with error -105
4월 06, 2023 09:36:51.25 [18092:26536:0406/093651.025:ERROR:get_updates_processor.cc(264)] PostClientToServerMessage() failed during GetUpdates with error 2
4월 06, 2023 09:37:01.72 [18092:18988:0406/093701.072:ERROR:device_event_log_impl.cc(222)] [09:37:01.065] USB: usb_service_win.cc:104 SetupDiGetDeviceProperty({{A45C254E-DF1C-4EFD-8020-67D146A850E0}, 6}) failed: 요소가 없습니다. (0x490)
4월 06, 2023 09:37:02.284 [18092:16900:0406/093702.284:ERROR:connection_factory_impl.cc(428)] Failed to connect to MCS endpoint with error -106
4월 06, 2023 09:37:08.177 [18092:18988:0406/093708.177:ERROR:device_event_log_impl.cc(222)] [09:37:08.169] USB: usb_service_win.cc:104 SetupDiGetDeviceProperty({{A45C254E-DF1C-4EFD-8020-67D146A850E0}, 6}) failed: 요소가 없습니다. (0x490)
4월 06, 2023 09:37:08.180 [18092:18988:0406/093708.180:ERROR:device_event_log_impl.cc(222)] [09:37:08.174] USB: usb_service_win.cc:307 SetupDiEnumDeviceInterfaces: 사용 가능한 데이터가 없습니다. (0x103)
4월 06, 2023 12:46:40.832 [18092:16900:0406/124640.817:ERROR:mcs_client.cc(750)] Received close command, resetting connection.
4월 06, 2023 14:15:06.463 [18092:16900:0406/141506.462:ERROR:connection_factory_impl.cc(473)] ConnectionHandler failed with net error: -2
4월 06, 2023 15:02:46.240 [18092:16900:0406/150246.238:ERROR:mcs_client.cc(750)] Received close command, resetting connection.
4월 06, 2023 16:13:44.963 INFO: Created TensorFlow Lite XNNPACK delegate for CPU.
4월 06, 2023 16:47:08.137 INFO: Created TensorFlow Lite XNNPACK delegate for CPU.
4월 06, 2023 17:24:49.65 INFO: Created TensorFlow Lite XNNPACK delegate for CPU.
4월 06, 2023 17:36:34.459 INFO: Created TensorFlow Lite XNNPACK delegate for CPU.

4월 06, 2023 21:56:08.587 NEW SESSION
4월 06, 2023 21:56:08.587 INFO: Created TensorFlow Lite XNNPACK delegate for CPU.
4월 06, 2023 22:11:33.169 [11596:2508:0406/221133.169:ERROR:connection_factory_impl.cc(473)] ConnectionHandler failed with net error: -2
4월 06, 2023 22:55:03.922 [11596:2508:0406/225503.921:ERROR:connection_factory_impl.cc(473)] ConnectionHandler failed with net error: -2
4월 06, 2023 23:03:34.526 [11596:2508:0406/230334.526:ERROR:connection_factory_impl.cc(428)] Failed to connect to MCS endpoint with error -7
4월 06, 2023 23:03:49.498 [11596:14988:0406/230349.498:ERROR:device_event_log_impl.cc(222)] [23:03:49.497] USB: usb_service_win.cc:104 SetupDiGetDeviceProperty({{A45C254E-DF1C-4EFD-8020-67D146A850E0}, 6}) failed: 요소가 없습니다. (0x490)
4월 06, 2023 23:03:49.500 [11596:14988:0406/230349.500:ERROR:device_event_log_impl.cc(222)] [23:03:49.500] USB: usb_service_win.cc:307 SetupDiEnumDeviceInterfaces: 사용 가능한 데이터가 없습니다. (0x103)

4월 20, 2023 21:00:28.389 NEW SESSION
4월 20, 2023 21:00:28.389 INFO: Created TensorFlow Lite XNNPACK delegate for CPU.
4월 20, 2023 21:09:40.470 [30292:12360:0420/210940.470:ERROR:connection_factory_impl.cc(472)] ConnectionHandler failed with net error: -2
4월 20, 2023 21:12:43.918 INFO: Created TensorFlow Lite XNNPACK delegate for CPU.
4월 20, 2023 21:39:52.873 INFO: Created TensorFlow Lite XNNPACK delegate for CPU.
4월 20, 2023 23:58:28.274 INFO: Created TensorFlow Lite XNNPACK delegate for CPU.

4월 21, 2023 09:52:47.578 NEW SESSION
4월 21, 2023 09:52:47.578 INFO: Created TensorFlow Lite XNNPACK delegate for CPU.
4월 21, 2023 09:59:37.239 [34468:18468:0421/095937.239:ERROR:connection_factory_impl.cc(472)] ConnectionHandler failed with net error: -2
4월 21, 2023 10:49:40.613 [34468:18468:0421/104940.613:ERROR:connection_factory_impl.cc(472)] ConnectionHandler failed with net error: -2
4월 21, 2023 11:46:51.580 [34468:18468:0421/114651.580:ERROR:connection_handler_impl.cc(472)] Timed out waiting for GCM Protocol buffer.
4월 21, 2023 11:46:51.580 [34468:18468:0421/114651.580:ERROR:connection_factory_impl.cc(472)] ConnectionHandler failed with net error: -7
